{"message":"Connected","level":"info","service":"user-service"}
{"message":"Logged in as: ","level":"info","service":"user-service"}
{"message":"NeverFap Deluxe Test - (563657016095277057)","level":"info","service":"user-service"}
{"message":"Connected","level":"info","service":"user-service"}
{"message":"Logged in as: ","level":"info","service":"user-service"}
{"message":"NeverFap Deluxe Test - (563657016095277057)","level":"info","service":"user-service"}
{"message":"Connected","level":"info","service":"user-service"}
{"message":"Logged in as: ","level":"info","service":"user-service"}
{"message":"NeverFap Deluxe Test - (563657016095277057)","level":"info","service":"user-service"}
{"message":"Connected","level":"info","service":"user-service"}
{"message":"Logged in as: ","level":"info","service":"user-service"}
{"message":"NeverFap Deluxe Test - (563657016095277057)","level":"info","service":"user-service"}
{"message":"Connected","level":"info","service":"user-service"}
{"message":"Logged in as: ","level":"info","service":"user-service"}
{"message":"NeverFap Deluxe Test - (563657016095277057)","level":"info","service":"user-service"}
{"message":"Connected","level":"info","service":"user-service"}
{"message":"Logged in as: ","level":"info","service":"user-service"}
{"message":"NeverFap Deluxe Test - (563657016095277057)","level":"info","service":"user-service"}
{"message":"Connected","level":"info","service":"user-service"}
{"message":"Logged in as: ","level":"info","service":"user-service"}
{"message":"NeverFap Deluxe Test - (563657016095277057)","level":"info","service":"user-service"}
{"message":"Connected","level":"info","service":"user-service"}
{"message":"Logged in as: ","level":"info","service":"user-service"}
{"message":"NeverFap Deluxe Test - (563657016095277057)","level":"info","service":"user-service"}
{"message":"Connected","level":"info","service":"user-service"}
{"message":"Logged in as: ","level":"info","service":"user-service"}
{"message":"NeverFap Deluxe Test - (563657016095277057)","level":"info","service":"user-service"}
{"message":"Connected","level":"info","service":"user-service"}
{"message":"Logged in as: ","level":"info","service":"user-service"}
{"message":"NeverFap Deluxe Test - (563657016095277057)","level":"info","service":"user-service"}
{"message":"Connected","level":"info","service":"user-service"}
{"message":"Logged in as: ","level":"info","service":"user-service"}
{"message":"NeverFap Deluxe Test - (563657016095277057)","level":"info","service":"user-service"}
{"message":"Connected","level":"info","service":"user-service"}
{"message":"Logged in as: ","level":"info","service":"user-service"}
{"message":"NeverFap Deluxe Test - (563657016095277057)","level":"info","service":"user-service"}
{"message":"Connected","level":"info","service":"user-service"}
{"message":"Logged in as: ","level":"info","service":"user-service"}
{"message":"NeverFap Deluxe Test - (563657016095277057)","level":"info","service":"user-service"}
{"message":"Connected","level":"info","service":"user-service"}
{"message":"Logged in as: ","level":"info","service":"user-service"}
{"message":"NeverFap Deluxe Test - (563657016095277057)","level":"info","service":"user-service"}
{"message":"Connected","level":"info","service":"user-service"}
{"message":"Logged in as: ","level":"info","service":"user-service"}
{"message":"NeverFap Deluxe Test - (563657016095277057)","level":"info","service":"user-service"}
{"message":"Connected","level":"info","service":"user-service"}
{"message":"Logged in as: ","level":"info","service":"user-service"}
{"message":"NeverFap Deluxe Test - (563657016095277057)","level":"info","service":"user-service"}
{"message":"Connected","level":"info","service":"user-service"}
{"message":"Logged in as: ","level":"info","service":"user-service"}
{"message":"NeverFap Deluxe Test - (563657016095277057)","level":"info","service":"user-service"}
{"message":"Connected","level":"info","service":"user-service"}
{"message":"Logged in as: ","level":"info","service":"user-service"}
{"message":"NeverFap Deluxe Test - (563657016095277057)","level":"info","service":"user-service"}
{"message":"Connected","level":"info","service":"user-service"}
{"message":"Logged in as: ","level":"info","service":"user-service"}
{"message":"NeverFap Deluxe Test - (563657016095277057)","level":"info","service":"user-service"}
{"message":"Connected","level":"info","service":"user-service"}
{"message":"Logged in as: ","level":"info","service":"user-service"}
{"message":"NeverFap Deluxe Test - (563657016095277057)","level":"info","service":"user-service"}
{"message":"Connected","level":"info","service":"user-service"}
{"message":"Logged in as: ","level":"info","service":"user-service"}
{"message":"NeverFap Deluxe Test - (563657016095277057)","level":"info","service":"user-service"}
{"message":"Connected","level":"info","service":"user-service"}
{"message":"Logged in as: ","level":"info","service":"user-service"}
{"message":"NeverFap Deluxe Test - (563657016095277057)","level":"info","service":"user-service"}
{"message":"Connected","level":"info","service":"user-service"}
{"message":"Logged in as: ","level":"info","service":"user-service"}
{"message":"NeverFap Deluxe Test - (563657016095277057)","level":"info","service":"user-service"}
{"message":"Connected","level":"info","service":"user-service"}
{"message":"Logged in as: ","level":"info","service":"user-service"}
{"message":"NeverFap Deluxe Test - (563657016095277057)","level":"info","service":"user-service"}
{"message":"Connected","level":"info","service":"user-service"}
{"message":"Logged in as: ","level":"info","service":"user-service"}
{"message":"NeverFap Deluxe Test - (563657016095277057)","level":"info","service":"user-service"}
{"message":"Connected","level":"info","service":"user-service"}
{"message":"Logged in as: ","level":"info","service":"user-service"}
{"message":"NeverFap Deluxe Test - (563657016095277057)","level":"info","service":"user-service"}
{"message":"Connected","level":"info","service":"user-service"}
{"message":"Logged in as: ","level":"info","service":"user-service"}
{"message":"NeverFap Deluxe Test - (563657016095277057)","level":"info","service":"user-service"}
{"message":"Connected","level":"info","service":"user-service"}
{"message":"Logged in as: ","level":"info","service":"user-service"}
{"message":"NeverFap Deluxe Test - (563657016095277057)","level":"info","service":"user-service"}
{"message":"Connected","level":"info","service":"user-service"}
{"message":"Logged in as: ","level":"info","service":"user-service"}
{"message":"NeverFap Deluxe Test - (563657016095277057)","level":"info","service":"user-service"}
{"message":"Connected","level":"info","service":"user-service"}
{"message":"Logged in as: ","level":"info","service":"user-service"}
{"message":"NeverFap Deluxe Test - (563657016095277057)","level":"info","service":"user-service"}
{"message":"Connected","level":"info","service":"user-service"}
{"message":"Logged in as: ","level":"info","service":"user-service"}
{"message":"NeverFap Deluxe Test - (563657016095277057)","level":"info","service":"user-service"}
{"message":"Connected","level":"info","service":"user-service"}
{"message":"Logged in as: ","level":"info","service":"user-service"}
{"message":"NeverFap Deluxe Test - (563657016095277057)","level":"info","service":"user-service"}
{"message":"Connected","level":"info","service":"user-service"}
{"message":"Logged in as: ","level":"info","service":"user-service"}
{"message":"NeverFap Deluxe Test - (563657016095277057)","level":"info","service":"user-service"}
{"message":"Connected","level":"info","service":"user-service"}
{"message":"Logged in as: ","level":"info","service":"user-service"}
{"message":"NeverFap Deluxe Test - (563657016095277057)","level":"info","service":"user-service"}
{"message":"Connected","level":"info","service":"user-service"}
{"message":"Logged in as: ","level":"info","service":"user-service"}
{"message":"NeverFap Deluxe Test - (563657016095277057)","level":"info","service":"user-service"}
{"message":"Connected","level":"info","service":"user-service"}
{"message":"Logged in as: ","level":"info","service":"user-service"}
{"message":"NeverFap Deluxe Test - (563657016095277057)","level":"info","service":"user-service"}
{"message":"Connected","level":"info","service":"user-service"}
{"message":"Logged in as: ","level":"info","service":"user-service"}
{"message":"NeverFap Deluxe Test - (563657016095277057)","level":"info","service":"user-service"}
{"message":"Connected","level":"info","service":"user-service"}
{"message":"Logged in as: ","level":"info","service":"user-service"}
{"message":"NeverFap Deluxe Test - (563657016095277057)","level":"info","service":"user-service"}
{"message":"Connected","level":"info","service":"user-service"}
{"message":"Logged in as: ","level":"info","service":"user-service"}
{"message":"NeverFap Deluxe Test - (563657016095277057)","level":"info","service":"user-service"}
{"message":"Connected","level":"info","service":"user-service"}
{"message":"Logged in as: ","level":"info","service":"user-service"}
{"message":"NeverFap Deluxe Test - (563657016095277057)","level":"info","service":"user-service"}
{"message":"Connected","level":"info","service":"user-service"}
{"message":"Logged in as: ","level":"info","service":"user-service"}
{"message":"NeverFap Deluxe Test - (563657016095277057)","level":"info","service":"user-service"}
{"message":"Connected","level":"info","service":"user-service"}
{"message":"Logged in as: ","level":"info","service":"user-service"}
{"message":"NeverFap Deluxe Test - (563657016095277057)","level":"info","service":"user-service"}
{"message":"Connected","level":"info","service":"user-service"}
{"message":"Logged in as: ","level":"info","service":"user-service"}
{"message":"NeverFap Deluxe Test - (563657016095277057)","level":"info","service":"user-service"}
{"message":"Connected","level":"info","service":"user-service"}
{"message":"Logged in as: ","level":"info","service":"user-service"}
{"message":"NeverFap Deluxe Test - (563657016095277057)","level":"info","service":"user-service"}
{"message":"Connected","level":"info","service":"user-service"}
{"message":"Logged in as: ","level":"info","service":"user-service"}
{"message":"NeverFap Deluxe Test - (563657016095277057)","level":"info","service":"user-service"}
{"message":"Connected","level":"info","service":"user-service"}
{"message":"Logged in as: ","level":"info","service":"user-service"}
{"message":"NeverFap Deluxe Test - (563657016095277057)","level":"info","service":"user-service"}
{"message":"Connected","level":"info","service":"user-service"}
{"message":"Logged in as: ","level":"info","service":"user-service"}
{"message":"NeverFap Deluxe Test - (563657016095277057)","level":"info","service":"user-service"}
{"message":"Connected","level":"info","service":"user-service"}
{"message":"Logged in as: ","level":"info","service":"user-service"}
{"message":"NeverFap Deluxe Test - (563657016095277057)","level":"info","service":"user-service"}
{"message":"Connected","level":"info","service":"user-service"}
{"message":"Logged in as: ","level":"info","service":"user-service"}
{"message":"NeverFap Deluxe Test - (563657016095277057)","level":"info","service":"user-service"}
{"message":"Connected","level":"info","service":"user-service"}
{"message":"Logged in as: ","level":"info","service":"user-service"}
{"message":"NeverFap Deluxe Test - (563657016095277057)","level":"info","service":"user-service"}
{"message":"Connected","level":"info","service":"user-service"}
{"message":"Logged in as: ","level":"info","service":"user-service"}
{"message":"NeverFap Deluxe Test - (563657016095277057)","level":"info","service":"user-service"}
{"message":"Connected","level":"info","service":"user-service"}
{"message":"Logged in as: ","level":"info","service":"user-service"}
{"message":"NeverFap Deluxe Test - (563657016095277057)","level":"info","service":"user-service"}
{"message":"Connected","level":"info","service":"user-service"}
{"message":"Logged in as: ","level":"info","service":"user-service"}
{"message":"NeverFap Deluxe Test - (563657016095277057)","level":"info","service":"user-service"}
{"message":"Connected","level":"info","service":"user-service"}
{"message":"Logged in as: ","level":"info","service":"user-service"}
{"message":"NeverFap Deluxe Test - (563657016095277057)","level":"info","service":"user-service"}
{"message":"Connected","level":"info","service":"user-service"}
{"message":"Logged in as: ","level":"info","service":"user-service"}
{"message":"NeverFap Deluxe Test - (563657016095277057)","level":"info","service":"user-service"}
{"message":"Connected","level":"info","service":"user-service"}
{"message":"Logged in as: ","level":"info","service":"user-service"}
{"message":"NeverFap Deluxe Test - (563657016095277057)","level":"info","service":"user-service"}
{"message":"Connected","level":"info","service":"user-service"}
{"message":"Logged in as: ","level":"info","service":"user-service"}
{"message":"NeverFap Deluxe Test - (563657016095277057)","level":"info","service":"user-service"}
{"message":"Connected","level":"info","service":"user-service"}
{"message":"Logged in as: ","level":"info","service":"user-service"}
{"message":"NeverFap Deluxe Test - (563657016095277057)","level":"info","service":"user-service"}
{"message":"Connected","level":"info","service":"user-service"}
{"message":"Logged in as: ","level":"info","service":"user-service"}
{"message":"NeverFap Deluxe Test - (563657016095277057)","level":"info","service":"user-service"}
{"message":"Connected","level":"info","service":"user-service"}
{"message":"Logged in as: ","level":"info","service":"user-service"}
{"message":"NeverFap Deluxe Test - (563657016095277057)","level":"info","service":"user-service"}
{"message":"Connected","level":"info","service":"user-service"}
{"message":"Logged in as: ","level":"info","service":"user-service"}
{"message":"NeverFap Deluxe Test - (563657016095277057)","level":"info","service":"user-service"}
{"message":"Connected","level":"info","service":"user-service"}
{"message":"Logged in as: ","level":"info","service":"user-service"}
{"message":"NeverFap Deluxe Test - (563657016095277057)","level":"info","service":"user-service"}
{"message":"Connected","level":"info","service":"user-service"}
{"message":"Logged in as: ","level":"info","service":"user-service"}
{"message":"NeverFap Deluxe Test - (563657016095277057)","level":"info","service":"user-service"}
{"message":"Connected","level":"info","service":"user-service"}
{"message":"Logged in as: ","level":"info","service":"user-service"}
{"message":"NeverFap Deluxe Test - (563657016095277057)","level":"info","service":"user-service"}
{"message":"Connected","level":"info","service":"user-service"}
{"message":"Logged in as: ","level":"info","service":"user-service"}
{"message":"NeverFap Deluxe Test - (563657016095277057)","level":"info","service":"user-service"}
{"message":"Connected","level":"info","service":"user-service"}
{"message":"Logged in as: ","level":"info","service":"user-service"}
{"message":"NeverFap Deluxe Test - (563657016095277057)","level":"info","service":"user-service"}
{"message":"Connected","level":"info","service":"user-service"}
{"message":"Logged in as: ","level":"info","service":"user-service"}
{"message":"NeverFap Deluxe Test - (563657016095277057)","level":"info","service":"user-service"}
{"message":"Connected","level":"info","service":"user-service"}
{"message":"Logged in as: ","level":"info","service":"user-service"}
{"message":"NeverFap Deluxe Test - (563657016095277057)","level":"info","service":"user-service"}
{"message":"Connected","level":"info","service":"user-service"}
{"message":"Logged in as: ","level":"info","service":"user-service"}
{"message":"NeverFap Deluxe Test - (563657016095277057)","level":"info","service":"user-service"}
{"message":"Connected","level":"info","service":"user-service"}
{"message":"Logged in as: ","level":"info","service":"user-service"}
{"message":"NeverFap Deluxe Test - (563657016095277057)","level":"info","service":"user-service"}
{"message":"Connected","level":"info","service":"user-service"}
{"message":"Logged in as: ","level":"info","service":"user-service"}
{"message":"NeverFap Deluxe Test - (563657016095277057)","level":"info","service":"user-service"}
{"message":"Connected","level":"info","service":"user-service"}
{"message":"Logged in as: ","level":"info","service":"user-service"}
{"message":"NeverFap Deluxe Test - (563657016095277057)","level":"info","service":"user-service"}
{"message":"Connected","level":"info","service":"user-service"}
{"message":"Logged in as: ","level":"info","service":"user-service"}
{"message":"NeverFap Deluxe Test - (563657016095277057)","level":"info","service":"user-service"}
{"message":"Connected","level":"info","service":"user-service"}
{"message":"Logged in as: ","level":"info","service":"user-service"}
{"message":"NeverFap Deluxe Test - (563657016095277057)","level":"info","service":"user-service"}
{"message":"Connected","level":"info","service":"user-service"}
{"message":"Logged in as: ","level":"info","service":"user-service"}
{"message":"NeverFap Deluxe Test - (563657016095277057)","level":"info","service":"user-service"}
{"message":"Connected","level":"info","service":"user-service"}
{"message":"Logged in as: ","level":"info","service":"user-service"}
{"message":"NeverFap Deluxe Test - (563657016095277057)","level":"info","service":"user-service"}
{"message":"Connected","level":"info","service":"user-service"}
{"message":"Logged in as: ","level":"info","service":"user-service"}
{"message":"NeverFap Deluxe Test - (563657016095277057)","level":"info","service":"user-service"}
{"message":"Connected","level":"info","service":"user-service"}
{"message":"Logged in as: ","level":"info","service":"user-service"}
{"message":"NeverFap Deluxe Test - (563657016095277057)","level":"info","service":"user-service"}
{"message":"Connected","level":"info","service":"user-service"}
{"message":"Logged in as: ","level":"info","service":"user-service"}
{"message":"NeverFap Deluxe Test - (563657016095277057)","level":"info","service":"user-service"}
{"message":"Connected","level":"info","service":"user-service"}
{"message":"Logged in as: ","level":"info","service":"user-service"}
{"message":"NeverFap Deluxe Test - (563657016095277057)","level":"info","service":"user-service"}
{"message":"Connected","level":"info","service":"user-service"}
{"message":"Logged in as: ","level":"info","service":"user-service"}
{"message":"NeverFap Deluxe Test - (563657016095277057)","level":"info","service":"user-service"}
{"message":"Connected","level":"info","service":"user-service"}
{"message":"Logged in as: ","level":"info","service":"user-service"}
{"message":"NeverFap Deluxe Test - (563657016095277057)","level":"info","service":"user-service"}
{"message":"Connected","level":"info","service":"user-service"}
{"message":"Logged in as: ","level":"info","service":"user-service"}
{"message":"NeverFap Deluxe Test - (563657016095277057)","level":"info","service":"user-service"}
{"message":"Connected","level":"info","service":"user-service"}
{"message":"Logged in as: ","level":"info","service":"user-service"}
{"message":"NeverFap Deluxe Test - (563657016095277057)","level":"info","service":"user-service"}
{"message":"Connected","level":"info","service":"user-service"}
{"message":"Logged in as: ","level":"info","service":"user-service"}
{"message":"NeverFap Deluxe Test - (563657016095277057)","level":"info","service":"user-service"}
{"message":"Connected","level":"info","service":"user-service"}
{"message":"Logged in as: ","level":"info","service":"user-service"}
{"message":"NeverFap Deluxe Test - (563657016095277057)","level":"info","service":"user-service"}
{"message":"Connected","level":"info","service":"user-service"}
{"message":"Logged in as: ","level":"info","service":"user-service"}
{"message":"NeverFap Deluxe Test - (563657016095277057)","level":"info","service":"user-service"}
{"message":"Connected","level":"info","service":"user-service"}
{"message":"Logged in as: ","level":"info","service":"user-service"}
{"message":"NeverFap Deluxe Test - (563657016095277057)","level":"info","service":"user-service"}
{"message":"Connected","level":"info","service":"user-service"}
{"message":"Logged in as: ","level":"info","service":"user-service"}
{"message":"NeverFap Deluxe Test - (563657016095277057)","level":"info","service":"user-service"}
{"message":"Connected","level":"info","service":"user-service"}
{"message":"Logged in as: ","level":"info","service":"user-service"}
{"message":"NeverFap Deluxe Test - (563657016095277057)","level":"info","service":"user-service"}
{"message":"Connected","level":"info","service":"user-service"}
{"message":"Logged in as: ","level":"info","service":"user-service"}
{"message":"NeverFap Deluxe Test - (563657016095277057)","level":"info","service":"user-service"}
{"message":"Connected","level":"info","service":"user-service"}
{"message":"Logged in as: ","level":"info","service":"user-service"}
{"message":"NeverFap Deluxe Test - (563657016095277057)","level":"info","service":"user-service"}
{"message":"Connected","level":"info","service":"user-service"}
{"message":"Logged in as: ","level":"info","service":"user-service"}
{"message":"NeverFap Deluxe Test - (563657016095277057)","level":"info","service":"user-service"}
{"message":"Connected","level":"info","service":"user-service"}
{"message":"Logged in as: ","level":"info","service":"user-service"}
{"message":"NeverFap Deluxe Test - (563657016095277057)","level":"info","service":"user-service"}
{"message":"Connected","level":"info","service":"user-service"}
{"message":"Logged in as: ","level":"info","service":"user-service"}
{"message":"NeverFap Deluxe Test - (563657016095277057)","level":"info","service":"user-service"}
{"message":"Connected","level":"info","service":"user-service"}
{"message":"Logged in as: ","level":"info","service":"user-service"}
{"message":"NeverFap Deluxe Test - (563657016095277057)","level":"info","service":"user-service"}
{"message":"Connected","level":"info","service":"user-service"}
{"message":"Logged in as: ","level":"info","service":"user-service"}
{"message":"NeverFap Deluxe Test - (563657016095277057)","level":"info","service":"user-service"}
{"message":"Connected","level":"info","service":"user-service"}
{"message":"Logged in as: ","level":"info","service":"user-service"}
{"message":"NeverFap Deluxe Test - (563657016095277057)","level":"info","service":"user-service"}
{"message":"Sent channel message: 567610667498995712 - automatedGeneralMessages","level":"info","service":"user-service"}
{"message":"Sent channel message: 567610669302677505 - automatedAccountabilityMessages","level":"info","service":"user-service"}
{"message":"Sent channel message: 567611431038615552 - validateAccountabilityPost","level":"info","service":"user-service"}
{"message":"Sent channel message: 567611441071390721 - hasUserPostedRecently","level":"info","service":"user-service"}
{"message":"Sent julius message for hasUserPostedRecently - halen99 - 3 - 36 hours","level":"info","service":"user-service"}
{"message":"Sent channel message: 567611446406414347 - hasUserPostedRecently","level":"info","service":"user-service"}
{"message":"Sent julius message for hasUserPostedRecently - halen99 - 2 - 72 hours","level":"info","service":"user-service"}
{"message":"Sent channel message: 567611450378420237 - hasUserPostedRecently","level":"info","service":"user-service"}
{"message":"Sent julius message for hasUserPostedRecently - Julius Reade - 3 - 36 hours","level":"info","service":"user-service"}
{"message":"Sent channel message: 567611453994041354 - hasUserPostedRecently","level":"info","service":"user-service"}
{"message":"Sent julius message for hasUserPostedRecently - Julius Reade - 1 - 72 hours","level":"info","service":"user-service"}
{"message":"Connected","level":"info","service":"user-service"}
{"message":"Logged in as: ","level":"info","service":"user-service"}
{"message":"NeverFap Deluxe Test - (563657016095277057)","level":"info","service":"user-service"}
{"message":"Connected","level":"info","service":"user-service"}
{"message":"Logged in as: ","level":"info","service":"user-service"}
{"message":"NeverFap Deluxe Test - (563657016095277057)","level":"info","service":"user-service"}
{"message":"Sent channel message: 567612770099658754 - validateAccountabilityPost","level":"info","service":"user-service"}
{"message":"insertAccountabilityMessage - error: insert into \"accountability_messages\" (\"content\", \"db_users_id\", \"id\", \"message_id\", \"username\") values ($1, $2, $3, $4, $5) returning \"content\" - column \"username\" of relation \"accountability_messages\" does not exist","level":"error","service":"user-service"}
{"message":"Sent channel message: 567612784653893642 - hasUserPostedRecently","level":"info","service":"user-service"}
{"message":"Sent julius message for hasUserPostedRecently - halen99 - 3 - 36 hours","level":"info","service":"user-service"}
{"message":"Sent channel message: 567612789942910996 - hasUserPostedRecently","level":"info","service":"user-service"}
{"message":"Sent julius message for hasUserPostedRecently - halen99 - 2 - 72 hours","level":"info","service":"user-service"}
{"message":"Sent channel message: 567612793512263680 - hasUserPostedRecently","level":"info","service":"user-service"}
{"message":"Sent julius message for hasUserPostedRecently - Julius Reade - 2 - 36 hours","level":"info","service":"user-service"}
{"message":"Sent channel message: 567612797165371403 - hasUserPostedRecently","level":"info","service":"user-service"}
{"message":"Sent julius message for hasUserPostedRecently - Julius Reade - 3 - 72 hours","level":"info","service":"user-service"}
{"message":"Connected","level":"info","service":"user-service"}
{"message":"Logged in as: ","level":"info","service":"user-service"}
{"message":"NeverFap Deluxe Test - (563657016095277057)","level":"info","service":"user-service"}
{"message":"onMessage - error: insert into \"db_users\" (\"discord_id\", \"id\", \"username\") values ($1, $2, $3) returning * - column \"username\" of relation \"db_users\" does not exist","level":"error","service":"user-service"}
{"message":"Sent channel message: 567613633140490250 - automatedAccountabilityMessages","level":"info","service":"user-service"}
{"message":"Connected","level":"info","service":"user-service"}
{"message":"Logged in as: ","level":"info","service":"user-service"}
{"message":"NeverFap Deluxe Test - (563657016095277057)","level":"info","service":"user-service"}
{"message":"Sent channel message: 567614755871916032 - automatedAccountabilityMessages","level":"info","service":"user-service"}
{"message":"accountabilityMessage added to database - Julius Reade","level":"info","service":"user-service"}
{"message":"Sent channel message: 567614766466465792 - validateAccountabilityPost","level":"info","service":"user-service"}
{"message":"Sent channel message: 567614831444754442 - hasUserPostedRecently","level":"info","service":"user-service"}
{"message":"Sent julius message for hasUserPostedRecently - Julius Reade - 36 hours","level":"info","service":"user-service"}
{"message":"Sent channel message: 567614834846203925 - hasUserPostedRecently","level":"info","service":"user-service"}
{"message":"Sent julius message for hasUserPostedRecently - Julius Reade - 72 hours","level":"info","service":"user-service"}
{"message":"Connected","level":"info","service":"user-service"}
{"message":"Logged in as: ","level":"info","service":"user-service"}
{"message":"NeverFap Deluxe Test - (563657016095277057)","level":"info","service":"user-service"}
{"message":"accountabilityMessage added to database - Julius Reade","level":"info","service":"user-service"}
{"message":"Sent channel message: 567615704006787080 - validateAccountabilityPost","level":"info","service":"user-service"}
{"message":"Sent channel message: 567615707626340373 - automatedTotalAccountability","level":"info","service":"user-service"}
{"message":"Sent julius message for Julius Reade - Day 2 :D","level":"info","service":"user-service"}
{"message":"Sent channel message: 567615749078908938 - hasUserPostedRecently","level":"info","service":"user-service"}
{"message":"Sent julius message for hasUserPostedRecently - Julius Reade - 36 hours","level":"info","service":"user-service"}
{"message":"Sent channel message: 567615791101640714 - hasUserPostedRecently","level":"info","service":"user-service"}
{"message":"Sent julius message for hasUserPostedRecently - Julius Reade - 72 hours","level":"info","service":"user-service"}
{"message":"Sent channel message: 567616141418299403 - neverFapDeluxeBotCommands","level":"info","service":"user-service"}
{"message":"accountabilityMessage added to database - Julius Reade","level":"info","service":"user-service"}
{"message":"Sent channel message: 567616184443338763 - automatedTotalAccountability","level":"info","service":"user-service"}
{"message":"Sent julius message for Julius Reade - Day 3 :D","level":"info","service":"user-service"}
{"message":"Sent channel message: 567616202881368066 - automatedAccountabilityMessages","level":"info","service":"user-service"}
{"message":"posted in accountability too soon - Julius Reade","level":"error","service":"user-service"}
{"message":"Sent channel message: 567616227162325004 - automatedAccountabilityMessages","level":"info","service":"user-service"}
{"message":"Sent channel message: 567616252663562240 - hasUserPostedRecently","level":"info","service":"user-service"}
{"message":"Sent julius message for hasUserPostedRecently - Julius Reade - 36 hours","level":"info","service":"user-service"}
{"message":"Sent channel message: 567616256471990272 - hasUserPostedRecently","level":"info","service":"user-service"}
{"message":"Sent julius message for hasUserPostedRecently - Julius Reade - 72 hours","level":"info","service":"user-service"}
{"message":"posted in accountability too soon - Julius Reade","level":"error","service":"user-service"}
{"message":"Sent channel message: 567616605115383818 - automatedAccountabilityMessages","level":"info","service":"user-service"}
{"message":"insertAccountabilityMessage - error: insert into \"accountability_messages\" (\"content\", \"db_users_id\", \"id\", \"message_id\", \"username\") values ($1, $2, $3, $4, $5) returning \"content\" - value too long for type character varying(255)","level":"error","service":"user-service"}
{"message":"Sent channel message: 567616756252672000 - hasUserPostedRecently","level":"info","service":"user-service"}
{"message":"Sent channel message: 567616756315717652 - automatedAccountabilityMessages","level":"info","service":"user-service"}
{"message":"Sent julius message for hasUserPostedRecently - Julius Reade - 36 hours","level":"info","service":"user-service"}
{"message":"Sent channel message: 567616760195579914 - hasUserPostedRecently","level":"info","service":"user-service"}
{"message":"Sent julius message for hasUserPostedRecently - Julius Reade - 72 hours","level":"info","service":"user-service"}
{"message":"Connected","level":"info","service":"user-service"}
{"message":"Logged in as: ","level":"info","service":"user-service"}
{"message":"NeverFap Deluxe Test - (563657016095277057)","level":"info","service":"user-service"}
{"message":"accountabilityMessage added to database - Julius Reade","level":"info","service":"user-service"}
{"message":"Sent channel message: 567618305368784908 - automatedAccountabilityMessages","level":"info","service":"user-service"}
{"message":"Sent channel message: 567618307805675542 - automatedTotalAccountability","level":"info","service":"user-service"}
{"message":"Sent julius message for Julius Reade - Day 4 :D","level":"info","service":"user-service"}
{"message":"Sent channel message: 567618380715130881 - hasUserPostedRecently","level":"info","service":"user-service"}
{"message":"hasUserPostedRecently - Julius Reade - 36 hours","level":"info","service":"user-service"}
{"message":"Sent channel message: 567618384351592450 - hasUserPostedRecently","level":"info","service":"user-service"}
{"message":"hasUserPostedRecently - Julius Reade - 72 hours","level":"info","service":"user-service"}
